2026-05-21 20:45:33,910 - werkzeug - INFO - [31m[1mWARNING: This is a development server. Do not use it in a production deployment. Use a production WSGI server instead.[0m
 * Running on http://127.0.0.1:5000
2026-05-21 20:45:33,912 - werkzeug - INFO - [33mPress CTRL+C to quit[0m
2026-05-21 20:45:33,916 - werkzeug - INFO -  * Restarting with stat
2026-05-21 20:45:35,292 - werkzeug - WARNING -  * Debugger is active!
2026-05-21 20:45:35,299 - werkzeug - INFO -  * Debugger PIN: 133-928-614
2026-05-21 20:45:42,342 - werkzeug - INFO - 127.0.0.1 - - [21/May/2026 20:45:42] "[32mGET / HTTP/1.1[0m" 302 -
2026-05-21 20:45:42,384 - werkzeug - INFO - 127.0.0.1 - - [21/May/2026 20:45:42] "GET /login HTTP/1.1" 200 -
2026-05-21 20:46:06,907 - werkzeug - INFO - 127.0.0.1 - - [21/May/2026 20:46:06] "[35m[1mPOST /login HTTP/1.1[0m" 500 -
2026-05-21 20:46:07,144 - werkzeug - INFO - 127.0.0.1 - - [21/May/2026 20:46:07] "GET /login?__debugger__=yes&cmd=resource&f=style.css HTTP/1.1" 200 -
2026-05-21 20:46:07,162 - werkzeug - INFO - 127.0.0.1 - - [21/May/2026 20:46:07] "GET /login?__debugger__=yes&cmd=resource&f=debugger.js HTTP/1.1" 200 -
2026-05-21 20:46:07,256 - werkzeug - INFO - 127.0.0.1 - - [21/May/2026 20:46:07] "GET /login?__debugger__=yes&cmd=resource&f=console.png&s=Neo56hmi2RC4PkOg6vy0 HTTP/1.1" 200 -
2026-05-21 20:46:07,289 - werkzeug - INFO - 127.0.0.1 - - [21/May/2026 20:46:07] "GET /login?__debugger__=yes&cmd=resource&f=console.png HTTP/1.1" 200 -
2026-05-21 20:46:43,481 - werkzeug - INFO - [31m[1mWARNING: This is a development server. Do not use it in a production deployment. Use a production WSGI server instead.[0m
 * Running on http://localhost:5000
2026-05-21 20:46:43,482 - werkzeug - INFO - [33mPress CTRL+C to quit[0m
2026-05-21 20:49:17,982 - werkzeug - INFO - [31m[1mWARNING: This is a development server. Do not use it in a production deployment. Use a production WSGI server instead.[0m
 * Running on http://localhost:5000
2026-05-21 20:49:17,983 - werkzeug - INFO - [33mPress CTRL+C to quit[0m
2026-05-21 20:52:04,019 - werkzeug - INFO - [31m[1mWARNING: This is a development server. Do not use it in a production deployment. Use a production WSGI server instead.[0m
 * Running on http://localhost:5000
2026-05-21 20:52:04,020 - werkzeug - INFO - [33mPress CTRL+C to quit[0m
2026-05-21 20:52:13,999 - werkzeug - INFO - 127.0.0.1 - - [21/May/2026 20:52:13] "[32mGET / HTTP/1.1[0m" 302 -
2026-05-21 20:52:14,258 - werkzeug - INFO - 127.0.0.1 - - [21/May/2026 20:52:14] "GET /login HTTP/1.1" 200 -
2026-05-21 20:52:14,787 - werkzeug - INFO - 127.0.0.1 - - [21/May/2026 20:52:14] "[33mGET /favicon.ico HTTP/1.1[0m" 404 -
2026-05-21 20:52:20,263 - werkzeug - INFO - 127.0.0.1 - - [21/May/2026 20:52:20] "GET /register HTTP/1.1" 200 -
2026-05-21 20:53:07,647 - werkzeug - INFO - 127.0.0.1 - - [21/May/2026 20:53:07] "[32mPOST /register HTTP/1.1[0m" 302 -
2026-05-21 20:53:07,970 - werkzeug - INFO - 127.0.0.1 - - [21/May/2026 20:53:07] "GET /register HTTP/1.1" 200 -
2026-05-21 20:53:56,540 - __main__ - INFO - Verification link for nelson@gmail.com: http://localhost:5000/verify-email/13f_RStkwb-5niGRW4Bar5IG6h14wzwVRxqUJe5h1rY
2026-05-21 20:53:56,544 - werkzeug - INFO - 127.0.0.1 - - [21/May/2026 20:53:56] "[32mPOST /register HTTP/1.1[0m" 302 -
2026-05-21 20:53:56,865 - werkzeug - INFO - 127.0.0.1 - - [21/May/2026 20:53:56] "GET /login HTTP/1.1" 200 -
2026-05-21 20:54:17,999 - werkzeug - INFO - 127.0.0.1 - - [21/May/2026 20:54:17] "[32mPOST /login HTTP/1.1[0m" 302 -
2026-05-21 20:54:18,333 - werkzeug - INFO - 127.0.0.1 - - [21/May/2026 20:54:18] "GET /verify-email-notice/1 HTTP/1.1" 200 -
2026-05-21 20:54:36,324 - werkzeug - INFO - 127.0.0.1 - - [21/May/2026 20:54:36] "GET /login HTTP/1.1" 200 -
2026-05-21 20:54:42,971 - werkzeug - INFO - 127.0.0.1 - - [21/May/2026 20:54:42] "GET /register HTTP/1.1" 200 -
2026-05-21 20:55:37,132 - werkzeug - INFO - 127.0.0.1 - - [21/May/2026 20:55:37] "[32mPOST /register HTTP/1.1[0m" 302 -
2026-05-21 20:55:37,456 - werkzeug - INFO - 127.0.0.1 - - [21/May/2026 20:55:37] "GET /register HTTP/1.1" 200 -
2026-05-21 20:56:31,801 - app_new - ERROR - Exception on /register [POST]
Traceback (most recent call last):
  File "C:\Users\wsadmin\AppData\Roaming\Python\Python313\site-packages\sqlalchemy\engine\base.py", line 1967, in _exec_single_context
    self.dialect.do_execute(
    ~~~~~~~~~~~~~~~~~~~~~~~^
        cursor, str_statement, effective_parameters, context
        ^^^^^^^^^^^^^^^^^^^^^^^^^^^^^^^^^^^^^^^^^^^^^^^^^^^^
    )
    ^
  File "C:\Users\wsadmin\AppData\Roaming\Python\Python313\site-packages\sqlalchemy\engine\default.py", line 952, in do_execute
    cursor.execute(statement, parameters)
    ~~~~~~~~~~~~~~^^^^^^^^^^^^^^^^^^^^^^^
sqlite3.IntegrityError: UNIQUE constraint failed: users.student_id

The above exception was the direct cause of the following exception:

Traceback (most recent call last):
  File "C:\Program Files\Python313\Lib\site-packages\flask\app.py", line 1511, in wsgi_app
    response = self.full_dispatch_request()
  File "C:\Program Files\Python313\Lib\site-packages\flask\app.py", line 919, in full_dispatch_request
    rv = self.handle_user_exception(e)
  File "C:\Program Files\Python313\Lib\site-packages\flask\app.py", line 917, in full_dispatch_request
    rv = self.dispatch_request()
  File "C:\Program Files\Python313\Lib\site-packages\flask\app.py", line 902, in dispatch_request
    return self.ensure_sync(self.view_functions[rule.endpoint])(**view_args)  # type: ignore[no-any-return]
           ~~~~~~~~~~~~~~~~~~~~~~~~~~~~~~~~~~~~~~~~~~~~~~~~~~~~^^^^^^^^^^^^^
  File "C:\Users\wsadmin\AppData\Roaming\Python\Python313\site-packages\flask_limiter\_limits.py", line 326, in __inner
    return cast(R, flask.current_app.ensure_sync(obj)(*a, **k))
                   ~~~~~~~~~~~~~~~~~~~~~~~~~~~~~~~~~~^^^^^^^^^
  File "c:\Users\wsadmin\Desktop\stusent system\management system\app_new.py", line 257, in register
    db.session.commit()
    ~~~~~~~~~~~~~~~~~^^
  File "C:\Users\wsadmin\AppData\Roaming\Python\Python313\site-packages\sqlalchemy\orm\scoping.py", line 597, in commit
    return self._proxied.commit()
           ~~~~~~~~~~~~~~~~~~~~^^
  File "C:\Users\wsadmin\AppData\Roaming\Python\Python313\site-packages\sqlalchemy\orm\session.py", line 2030, in commit
    trans.commit(_to_root=True)
    ~~~~~~~~~~~~^^^^^^^^^^^^^^^
  File "<string>", line 2, in commit
  File "C:\Users\wsadmin\AppData\Roaming\Python\Python313\site-packages\sqlalchemy\orm\state_changes.py", line 137, in _go
    ret_value = fn(self, *arg, **kw)
  File "C:\Users\wsadmin\AppData\Roaming\Python\Python313\site-packages\sqlalchemy\orm\session.py", line 1311, in commit
    self._prepare_impl()
    ~~~~~~~~~~~~~~~~~~^^
  File "<string>", line 2, in _prepare_impl
  File "C:\Users\wsadmin\AppData\Roaming\Python\Python313\site-packages\sqlalchemy\orm\state_changes.py", line 137, in _go
    ret_value = fn(self, *arg, **kw)
  File "C:\Users\wsadmin\AppData\Roaming\Python\Python313\site-packages\sqlalchemy\orm\session.py", line 1286, in _prepare_impl
    self.session.flush()
    ~~~~~~~~~~~~~~~~~~^^
  File "C:\Users\wsadmin\AppData\Roaming\Python\Python313\site-packages\sqlalchemy\orm\session.py", line 4331, in flush
    self._flush(objects)
    ~~~~~~~~~~~^^^^^^^^^
  File "C:\Users\wsadmin\AppData\Roaming\Python\Python313\site-packages\sqlalchemy\orm\session.py", line 4466, in _flush
    with util.safe_reraise():
         ~~~~~~~~~~~~~~~~~^^
  File "C:\Users\wsadmin\AppData\Roaming\Python\Python313\site-packages\sqlalchemy\util\langhelpers.py", line 121, in __exit__
    raise exc_value.with_traceback(exc_tb)
  File "C:\Users\wsadmin\AppData\Roaming\Python\Python313\site-packages\sqlalchemy\orm\session.py", line 4427, in _flush
    flush_context.execute()
    ~~~~~~~~~~~~~~~~~~~~~^^
  File "C:\Users\wsadmin\AppData\Roaming\Python\Python313\site-packages\sqlalchemy\orm\unitofwork.py", line 466, in execute
    rec.execute(self)
    ~~~~~~~~~~~^^^^^^
  File "C:\Users\wsadmin\AppData\Roaming\Python\Python313\site-packages\sqlalchemy\orm\unitofwork.py", line 642, in execute
    util.preloaded.orm_persistence.save_obj(
    ~~~~~~~~~~~~~~~~~~~~~~~~~~~~~~~~~~~~~~~^
        self.mapper,
        ^^^^^^^^^^^^
        uow.states_for_mapper_hierarchy(self.mapper, False, False),
        ^^^^^^^^^^^^^^^^^^^^^^^^^^^^^^^^^^^^^^^^^^^^^^^^^^^^^^^^^^^
        uow,
        ^^^^
    )
    ^
  File "C:\Users\wsadmin\AppData\Roaming\Python\Python313\site-packages\sqlalchemy\orm\persistence.py", line 93, in save_obj
    _emit_insert_statements(
    ~~~~~~~~~~~~~~~~~~~~~~~^
        base_mapper,
        ^^^^^^^^^^^^
    ...<3 lines>...
        insert,
        ^^^^^^^
    )
    ^
  File "C:\Users\wsadmin\AppData\Roaming\Python\Python313\site-packages\sqlalchemy\orm\persistence.py", line 1233, in _emit_insert_statements
    result = connection.execute(
        statement,
        params,
        execution_options=execution_options,
    )
  File "C:\Users\wsadmin\AppData\Roaming\Python\Python313\site-packages\sqlalchemy\engine\base.py", line 1419, in execute
    return meth(
        self,
        distilled_parameters,
        execution_options or NO_OPTIONS,
    )
  File "C:\Users\wsadmin\AppData\Roaming\Python\Python313\site-packages\sqlalchemy\sql\elements.py", line 527, in _execute_on_connection
    return connection._execute_clauseelement(
           ~~~~~~~~~~~~~~~~~~~~~~~~~~~~~~~~~^
        self, distilled_params, execution_options
        ^^^^^^^^^^^^^^^^^^^^^^^^^^^^^^^^^^^^^^^^^
    )
    ^
  File "C:\Users\wsadmin\AppData\Roaming\Python\Python313\site-packages\sqlalchemy\engine\base.py", line 1641, in _execute_clauseelement
    ret = self._execute_context(
        dialect,
    ...<8 lines>...
        cache_hit=cache_hit,
    )
  File "C:\Users\wsadmin\AppData\Roaming\Python\Python313\site-packages\sqlalchemy\engine\base.py", line 1846, in _execute_context
    return self._exec_single_context(
           ~~~~~~~~~~~~~~~~~~~~~~~~~^
        dialect, context, statement, parameters
        ^^^^^^^^^^^^^^^^^^^^^^^^^^^^^^^^^^^^^^^
    )
    ^
  File "C:\Users\wsadmin\AppData\Roaming\Python\Python313\site-packages\sqlalchemy\engine\base.py", line 1986, in _exec_single_context
    self._handle_dbapi_exception(
    ~~~~~~~~~~~~~~~~~~~~~~~~~~~~^
        e, str_statement, effective_parameters, cursor, context
        ^^^^^^^^^^^^^^^^^^^^^^^^^^^^^^^^^^^^^^^^^^^^^^^^^^^^^^^
    )
    ^
  File "C:\Users\wsadmin\AppData\Roaming\Python\Python313\site-packages\sqlalchemy\engine\base.py", line 2363, in _handle_dbapi_exception
    raise sqlalchemy_exception.with_traceback(exc_info[2]) from e
  File "C:\Users\wsadmin\AppData\Roaming\Python\Python313\site-packages\sqlalchemy\engine\base.py", line 1967, in _exec_single_context
    self.dialect.do_execute(
    ~~~~~~~~~~~~~~~~~~~~~~~^
        cursor, str_statement, effective_parameters, context
        ^^^^^^^^^^^^^^^^^^^^^^^^^^^^^^^^^^^^^^^^^^^^^^^^^^^^
    )
    ^
  File "C:\Users\wsadmin\AppData\Roaming\Python\Python313\site-packages\sqlalchemy\engine\default.py", line 952, in do_execute
    cursor.execute(statement, parameters)
    ~~~~~~~~~~~~~~^^^^^^^^^^^^^^^^^^^^^^^
sqlalchemy.exc.IntegrityError: (sqlite3.IntegrityError) UNIQUE constraint failed: users.student_id
[SQL: INSERT INTO users (username, email, password_hash, role, name, phone, department, student_id, address, city, is_active, is_locked, email_verified, failed_attempts, locked_until, created_at, updated_at, last_login) VALUES (?, ?, ?, ?, ?, ?, ?, ?, ?, ?, ?, ?, ?, ?, ?, ?, ?, ?)]
[parameters: ('alice', 'nr651476@gmail.com', 'scrypt:32768:8:1$NaEvoxYTDwKBfwED$a91e9b58c3d0d1768d0d11e80e3863249cea2d7ca958ce30d4aacb1488636f8bf535969c0bfa5da6f8b6f2004fcb57aa1b9f98fc227d4b474474b6614006bd01', 'admin', 'alice', '', '', '', '', '', 1, 0, 0, 0, None, '2026-05-21 17:56:31.800495', '2026-05-21 17:56:31.800502', None)]
(Background on this error at: https://sqlalche.me/e/20/gkpj)
2026-05-21 20:56:31,820 - __main__ - ERROR - Server error: 500 Internal Server Error: The server encountered an internal error and was unable to complete your request. Either the server is overloaded or there is an error in the application.
2026-05-21 20:56:31,824 - werkzeug - INFO - 127.0.0.1 - - [21/May/2026 20:56:31] "[35m[1mPOST /register HTTP/1.1[0m" 500 -
2026-05-21 20:56:35,334 - werkzeug - INFO - 127.0.0.1 - - [21/May/2026 20:56:35] "GET /login HTTP/1.1" 200 -
2026-05-21 20:56:46,351 - werkzeug - INFO - 127.0.0.1 - - [21/May/2026 20:56:46] "[32mPOST /login HTTP/1.1[0m" 302 -
2026-05-21 20:56:46,667 - werkzeug - INFO - 127.0.0.1 - - [21/May/2026 20:56:46] "GET /verify-email-notice/1 HTTP/1.1" 200 -
2026-05-21 20:57:11,275 - werkzeug - INFO - 127.0.0.1 - - [21/May/2026 20:57:11] "GET /login HTTP/1.1" 200 -
2026-05-21 20:57:13,916 - werkzeug - INFO - 127.0.0.1 - - [21/May/2026 20:57:13] "GET /register HTTP/1.1" 200 -
2026-05-21 20:58:26,051 - app_new - ERROR - Exception on /register [POST]
Traceback (most recent call last):
  File "C:\Users\wsadmin\AppData\Roaming\Python\Python313\site-packages\sqlalchemy\engine\base.py", line 1967, in _exec_single_context
    self.dialect.do_execute(
    ~~~~~~~~~~~~~~~~~~~~~~~^
        cursor, str_statement, effective_parameters, context
        ^^^^^^^^^^^^^^^^^^^^^^^^^^^^^^^^^^^^^^^^^^^^^^^^^^^^
    )
    ^
  File "C:\Users\wsadmin\AppData\Roaming\Python\Python313\site-packages\sqlalchemy\engine\default.py", line 952, in do_execute
    cursor.execute(statement, parameters)
    ~~~~~~~~~~~~~~^^^^^^^^^^^^^^^^^^^^^^^
sqlite3.IntegrityError: UNIQUE constraint failed: users.student_id

The above exception was the direct cause of the following exception:

Traceback (most recent call last):
  File "C:\Program Files\Python313\Lib\site-packages\flask\app.py", line 1511, in wsgi_app
    response = self.full_dispatch_request()
  File "C:\Program Files\Python313\Lib\site-packages\flask\app.py", line 919, in full_dispatch_request
    rv = self.handle_user_exception(e)
  File "C:\Program Files\Python313\Lib\site-packages\flask\app.py", line 917, in full_dispatch_request
    rv = self.dispatch_request()
  File "C:\Program Files\Python313\Lib\site-packages\flask\app.py", line 902, in dispatch_request
    return self.ensure_sync(self.view_functions[rule.endpoint])(**view_args)  # type: ignore[no-any-return]
           ~~~~~~~~~~~~~~~~~~~~~~~~~~~~~~~~~~~~~~~~~~~~~~~~~~~~^^^^^^^^^^^^^
  File "C:\Users\wsadmin\AppData\Roaming\Python\Python313\site-packages\flask_limiter\_limits.py", line 326, in __inner
    return cast(R, flask.current_app.ensure_sync(obj)(*a, **k))
                   ~~~~~~~~~~~~~~~~~~~~~~~~~~~~~~~~~~^^^^^^^^^
  File "c:\Users\wsadmin\Desktop\stusent system\management system\app_new.py", line 257, in register
    db.session.commit()
    ~~~~~~~~~~~~~~~~~^^
  File "C:\Users\wsadmin\AppData\Roaming\Python\Python313\site-packages\sqlalchemy\orm\scoping.py", line 597, in commit
    return self._proxied.commit()
           ~~~~~~~~~~~~~~~~~~~~^^
  File "C:\Users\wsadmin\AppData\Roaming\Python\Python313\site-packages\sqlalchemy\orm\session.py", line 2030, in commit
    trans.commit(_to_root=True)
    ~~~~~~~~~~~~^^^^^^^^^^^^^^^
  File "<string>", line 2, in commit
  File "C:\Users\wsadmin\AppData\Roaming\Python\Python313\site-packages\sqlalchemy\orm\state_changes.py", line 137, in _go
    ret_value = fn(self, *arg, **kw)
  File "C:\Users\wsadmin\AppData\Roaming\Python\Python313\site-packages\sqlalchemy\orm\session.py", line 1311, in commit
    self._prepare_impl()
    ~~~~~~~~~~~~~~~~~~^^
  File "<string>", line 2, in _prepare_impl
  File "C:\Users\wsadmin\AppData\Roaming\Python\Python313\site-packages\sqlalchemy\orm\state_changes.py", line 137, in _go
    ret_value = fn(self, *arg, **kw)
  File "C:\Users\wsadmin\AppData\Roaming\Python\Python313\site-packages\sqlalchemy\orm\session.py", line 1286, in _prepare_impl
    self.session.flush()
    ~~~~~~~~~~~~~~~~~~^^
  File "C:\Users\wsadmin\AppData\Roaming\Python\Python313\site-packages\sqlalchemy\orm\session.py", line 4331, in flush
    self._flush(objects)
    ~~~~~~~~~~~^^^^^^^^^
  File "C:\Users\wsadmin\AppData\Roaming\Python\Python313\site-packages\sqlalchemy\orm\session.py", line 4466, in _flush
    with util.safe_reraise():
         ~~~~~~~~~~~~~~~~~^^
  File "C:\Users\wsadmin\AppData\Roaming\Python\Python313\site-packages\sqlalchemy\util\langhelpers.py", line 121, in __exit__
    raise exc_value.with_traceback(exc_tb)
  File "C:\Users\wsadmin\AppData\Roaming\Python\Python313\site-packages\sqlalchemy\orm\session.py", line 4427, in _flush
    flush_context.execute()
    ~~~~~~~~~~~~~~~~~~~~~^^
  File "C:\Users\wsadmin\AppData\Roaming\Python\Python313\site-packages\sqlalchemy\orm\unitofwork.py", line 466, in execute
    rec.execute(self)
    ~~~~~~~~~~~^^^^^^
  File "C:\Users\wsadmin\AppData\Roaming\Python\Python313\site-packages\sqlalchemy\orm\unitofwork.py", line 642, in execute
    util.preloaded.orm_persistence.save_obj(
    ~~~~~~~~~~~~~~~~~~~~~~~~~~~~~~~~~~~~~~~^
        self.mapper,
        ^^^^^^^^^^^^
        uow.states_for_mapper_hierarchy(self.mapper, False, False),
        ^^^^^^^^^^^^^^^^^^^^^^^^^^^^^^^^^^^^^^^^^^^^^^^^^^^^^^^^^^^
        uow,
        ^^^^
    )
    ^
  File "C:\Users\wsadmin\AppData\Roaming\Python\Python313\site-packages\sqlalchemy\orm\persistence.py", line 93, in save_obj
    _emit_insert_statements(
    ~~~~~~~~~~~~~~~~~~~~~~~^
        base_mapper,
        ^^^^^^^^^^^^
    ...<3 lines>...
        insert,
        ^^^^^^^
    )
    ^
  File "C:\Users\wsadmin\AppData\Roaming\Python\Python313\site-packages\sqlalchemy\orm\persistence.py", line 1233, in _emit_insert_statements
    result = connection.execute(
        statement,
        params,
        execution_options=execution_options,
    )
  File "C:\Users\wsadmin\AppData\Roaming\Python\Python313\site-packages\sqlalchemy\engine\base.py", line 1419, in execute
    return meth(
        self,
        distilled_parameters,
        execution_options or NO_OPTIONS,
    )
  File "C:\Users\wsadmin\AppData\Roaming\Python\Python313\site-packages\sqlalchemy\sql\elements.py", line 527, in _execute_on_connection
    return connection._execute_clauseelement(
           ~~~~~~~~~~~~~~~~~~~~~~~~~~~~~~~~~^
        self, distilled_params, execution_options
        ^^^^^^^^^^^^^^^^^^^^^^^^^^^^^^^^^^^^^^^^^
    )
    ^
  File "C:\Users\wsadmin\AppData\Roaming\Python\Python313\site-packages\sqlalchemy\engine\base.py", line 1641, in _execute_clauseelement
    ret = self._execute_context(
        dialect,
    ...<8 lines>...
        cache_hit=cache_hit,
    )
  File "C:\Users\wsadmin\AppData\Roaming\Python\Python313\site-packages\sqlalchemy\engine\base.py", line 1846, in _execute_context
    return self._exec_single_context(
           ~~~~~~~~~~~~~~~~~~~~~~~~~^
        dialect, context, statement, parameters
        ^^^^^^^^^^^^^^^^^^^^^^^^^^^^^^^^^^^^^^^
    )
    ^
  File "C:\Users\wsadmin\AppData\Roaming\Python\Python313\site-packages\sqlalchemy\engine\base.py", line 1986, in _exec_single_context
    self._handle_dbapi_exception(
    ~~~~~~~~~~~~~~~~~~~~~~~~~~~~^
        e, str_statement, effective_parameters, cursor, context
        ^^^^^^^^^^^^^^^^^^^^^^^^^^^^^^^^^^^^^^^^^^^^^^^^^^^^^^^
    )
    ^
  File "C:\Users\wsadmin\AppData\Roaming\Python\Python313\site-packages\sqlalchemy\engine\base.py", line 2363, in _handle_dbapi_exception
    raise sqlalchemy_exception.with_traceback(exc_info[2]) from e
  File "C:\Users\wsadmin\AppData\Roaming\Python\Python313\site-packages\sqlalchemy\engine\base.py", line 1967, in _exec_single_context
    self.dialect.do_execute(
    ~~~~~~~~~~~~~~~~~~~~~~~^
        cursor, str_statement, effective_parameters, context
        ^^^^^^^^^^^^^^^^^^^^^^^^^^^^^^^^^^^^^^^^^^^^^^^^^^^^
    )
    ^
  File "C:\Users\wsadmin\AppData\Roaming\Python\Python313\site-packages\sqlalchemy\engine\default.py", line 952, in do_execute
    cursor.execute(statement, parameters)
    ~~~~~~~~~~~~~~^^^^^^^^^^^^^^^^^^^^^^^
sqlalchemy.exc.IntegrityError: (sqlite3.IntegrityError) UNIQUE constraint failed: users.student_id
[SQL: INSERT INTO users (username, email, password_hash, role, name, phone, department, student_id, address, city, is_active, is_locked, email_verified, failed_attempts, locked_until, created_at, updated_at, last_login) VALUES (?, ?, ?, ?, ?, ?, ?, ?, ?, ?, ?, ?, ?, ?, ?, ?, ?, ?)]
[parameters: ('richard', 'nr651476@gmail.com', 'scrypt:32768:8:1$6gxwGYWNwuc9UiPn$81df67f1f7f8d05ad3894061e4a437f48eb1807f02558e8be02c46ead48f9c08d46a8bc779636238a6b26ee090b077ce648b895020f76fbf36ed5463658bd3a2', 'student', 'nelrich', '', '', '', '', '', 1, 0, 0, 0, None, '2026-05-21 17:58:26.046773', '2026-05-21 17:58:26.046781', None)]
(Background on this error at: https://sqlalche.me/e/20/gkpj)
2026-05-21 20:58:26,061 - __main__ - ERROR - Server error: 500 Internal Server Error: The server encountered an internal error and was unable to complete your request. Either the server is overloaded or there is an error in the application.
2026-05-21 20:58:26,063 - werkzeug - INFO - 127.0.0.1 - - [21/May/2026 20:58:26] "[35m[1mPOST /register HTTP/1.1[0m" 500 -
2026-05-21 20:58:28,899 - werkzeug - INFO - 127.0.0.1 - - [21/May/2026 20:58:28] "GET /login HTTP/1.1" 200 -
2026-05-21 20:58:44,701 - app_new - ERROR - Exception on /login [POST]
Traceback (most recent call last):
  File "C:\Program Files\Python313\Lib\site-packages\flask\app.py", line 1511, in wsgi_app
    response = self.full_dispatch_request()
  File "C:\Program Files\Python313\Lib\site-packages\flask\app.py", line 919, in full_dispatch_request
    rv = self.handle_user_exception(e)
  File "C:\Program Files\Python313\Lib\site-packages\flask\app.py", line 917, in full_dispatch_request
    rv = self.dispatch_request()
  File "C:\Program Files\Python313\Lib\site-packages\flask\app.py", line 902, in dispatch_request
    return self.ensure_sync(self.view_functions[rule.endpoint])(**view_args)  # type: ignore[no-any-return]
           ~~~~~~~~~~~~~~~~~~~~~~~~~~~~~~~~~~~~~~~~~~~~~~~~~~~~^^^^^^^^^^^^^
  File "C:\Users\wsadmin\AppData\Roaming\Python\Python313\site-packages\flask_limiter\_limits.py", line 326, in __inner
    return cast(R, flask.current_app.ensure_sync(obj)(*a, **k))
                   ~~~~~~~~~~~~~~~~~~~~~~~~~~~~~~~~~~^^^^^^^^^
  File "c:\Users\wsadmin\Desktop\stusent system\management system\app_new.py", line 194, in login
    LoginAttempt.query.add(LoginAttempt(
    ^^^^^^^^^^^^^^^^^^^^^^
AttributeError: 'Query' object has no attribute 'add'
2026-05-21 20:58:44,706 - __main__ - ERROR - Server error: 500 Internal Server Error: The server encountered an internal error and was unable to complete your request. Either the server is overloaded or there is an error in the application.
2026-05-21 20:58:44,708 - werkzeug - INFO - 127.0.0.1 - - [21/May/2026 20:58:44] "[35m[1mPOST /login HTTP/1.1[0m" 500 -
2026-05-21 20:58:46,756 - werkzeug - INFO - 127.0.0.1 - - [21/May/2026 20:58:46] "GET /login HTTP/1.1" 200 -
2026-05-21 21:00:52,367 - werkzeug - INFO - [31m[1mWARNING: This is a development server. Do not use it in a production deployment. Use a production WSGI server instead.[0m
 * Running on http://localhost:5000
2026-05-21 21:00:52,368 - werkzeug - INFO - [33mPress CTRL+C to quit[0m
2026-05-21 21:00:57,091 - werkzeug - INFO - 127.0.0.1 - - [21/May/2026 21:00:57] "[32mGET / HTTP/1.1[0m" 302 -
2026-05-21 21:00:57,365 - werkzeug - INFO - 127.0.0.1 - - [21/May/2026 21:00:57] "GET /login HTTP/1.1" 200 -
2026-05-21 21:00:57,884 - werkzeug - INFO - 127.0.0.1 - - [21/May/2026 21:00:57] "[33mGET /favicon.ico HTTP/1.1[0m" 404 -
2026-05-21 21:01:02,918 - werkzeug - INFO - 127.0.0.1 - - [21/May/2026 21:01:02] "GET /register HTTP/1.1" 200 -
2026-05-21 21:01:43,709 - werkzeug - INFO - 127.0.0.1 - - [21/May/2026 21:01:43] "[32mPOST /register HTTP/1.1[0m" 302 -
2026-05-21 21:01:44,023 - werkzeug - INFO - 127.0.0.1 - - [21/May/2026 21:01:44] "GET /register HTTP/1.1" 200 -
2026-05-21 21:02:19,917 - werkzeug - INFO - 127.0.0.1 - - [21/May/2026 21:02:19] "[32mPOST /register HTTP/1.1[0m" 302 -
2026-05-21 21:02:20,249 - werkzeug - INFO - 127.0.0.1 - - [21/May/2026 21:02:20] "GET /register HTTP/1.1" 200 -
2026-05-21 21:03:08,163 - app_new - ERROR - Exception on /register [POST]
Traceback (most recent call last):
  File "C:\Users\wsadmin\AppData\Roaming\Python\Python313\site-packages\sqlalchemy\engine\base.py", line 1967, in _exec_single_context
    self.dialect.do_execute(
    ~~~~~~~~~~~~~~~~~~~~~~~^
        cursor, str_statement, effective_parameters, context
        ^^^^^^^^^^^^^^^^^^^^^^^^^^^^^^^^^^^^^^^^^^^^^^^^^^^^
    )
    ^
  File "C:\Users\wsadmin\AppData\Roaming\Python\Python313\site-packages\sqlalchemy\engine\default.py", line 952, in do_execute
    cursor.execute(statement, parameters)
    ~~~~~~~~~~~~~~^^^^^^^^^^^^^^^^^^^^^^^
sqlite3.IntegrityError: UNIQUE constraint failed: users.student_id

The above exception was the direct cause of the following exception:

Traceback (most recent call last):
  File "C:\Program Files\Python313\Lib\site-packages\flask\app.py", line 1511, in wsgi_app
    response = self.full_dispatch_request()
  File "C:\Program Files\Python313\Lib\site-packages\flask\app.py", line 919, in full_dispatch_request
    rv = self.handle_user_exception(e)
  File "C:\Program Files\Python313\Lib\site-packages\flask\app.py", line 917, in full_dispatch_request
    rv = self.dispatch_request()
  File "C:\Program Files\Python313\Lib\site-packages\flask\app.py", line 902, in dispatch_request
    return self.ensure_sync(self.view_functions[rule.endpoint])(**view_args)  # type: ignore[no-any-return]
           ~~~~~~~~~~~~~~~~~~~~~~~~~~~~~~~~~~~~~~~~~~~~~~~~~~~~^^^^^^^^^^^^^
  File "C:\Users\wsadmin\AppData\Roaming\Python\Python313\site-packages\flask_limiter\_limits.py", line 326, in __inner
    return cast(R, flask.current_app.ensure_sync(obj)(*a, **k))
                   ~~~~~~~~~~~~~~~~~~~~~~~~~~~~~~~~~~^^^^^^^^^
  File "c:\Users\wsadmin\Desktop\stusent system\management system\app_new.py", line 253, in register
    db.session.commit()
    ~~~~~~~~~~~~~~~~~^^
  File "C:\Users\wsadmin\AppData\Roaming\Python\Python313\site-packages\sqlalchemy\orm\scoping.py", line 597, in commit
    return self._proxied.commit()
           ~~~~~~~~~~~~~~~~~~~~^^
  File "C:\Users\wsadmin\AppData\Roaming\Python\Python313\site-packages\sqlalchemy\orm\session.py", line 2030, in commit
    trans.commit(_to_root=True)
    ~~~~~~~~~~~~^^^^^^^^^^^^^^^
  File "<string>", line 2, in commit
  File "C:\Users\wsadmin\AppData\Roaming\Python\Python313\site-packages\sqlalchemy\orm\state_changes.py", line 137, in _go
    ret_value = fn(self, *arg, **kw)
  File "C:\Users\wsadmin\AppData\Roaming\Python\Python313\site-packages\sqlalchemy\orm\session.py", line 1311, in commit
    self._prepare_impl()
    ~~~~~~~~~~~~~~~~~~^^
  File "<string>", line 2, in _prepare_impl
  File "C:\Users\wsadmin\AppData\Roaming\Python\Python313\site-packages\sqlalchemy\orm\state_changes.py", line 137, in _go
    ret_value = fn(self, *arg, **kw)
  File "C:\Users\wsadmin\AppData\Roaming\Python\Python313\site-packages\sqlalchemy\orm\session.py", line 1286, in _prepare_impl
    self.session.flush()
    ~~~~~~~~~~~~~~~~~~^^
  File "C:\Users\wsadmin\AppData\Roaming\Python\Python313\site-packages\sqlalchemy\orm\session.py", line 4331, in flush
    self._flush(objects)
    ~~~~~~~~~~~^^^^^^^^^
  File "C:\Users\wsadmin\AppData\Roaming\Python\Python313\site-packages\sqlalchemy\orm\session.py", line 4466, in _flush
    with util.safe_reraise():
         ~~~~~~~~~~~~~~~~~^^
  File "C:\Users\wsadmin\AppData\Roaming\Python\Python313\site-packages\sqlalchemy\util\langhelpers.py", line 121, in __exit__
    raise exc_value.with_traceback(exc_tb)
  File "C:\Users\wsadmin\AppData\Roaming\Python\Python313\site-packages\sqlalchemy\orm\session.py", line 4427, in _flush
    flush_context.execute()
    ~~~~~~~~~~~~~~~~~~~~~^^
  File "C:\Users\wsadmin\AppData\Roaming\Python\Python313\site-packages\sqlalchemy\orm\unitofwork.py", line 466, in execute
    rec.execute(self)
    ~~~~~~~~~~~^^^^^^
  File "C:\Users\wsadmin\AppData\Roaming\Python\Python313\site-packages\sqlalchemy\orm\unitofwork.py", line 642, in execute
    util.preloaded.orm_persistence.save_obj(
    ~~~~~~~~~~~~~~~~~~~~~~~~~~~~~~~~~~~~~~~^
        self.mapper,
        ^^^^^^^^^^^^
        uow.states_for_mapper_hierarchy(self.mapper, False, False),
        ^^^^^^^^^^^^^^^^^^^^^^^^^^^^^^^^^^^^^^^^^^^^^^^^^^^^^^^^^^^
        uow,
        ^^^^
    )
    ^
  File "C:\Users\wsadmin\AppData\Roaming\Python\Python313\site-packages\sqlalchemy\orm\persistence.py", line 93, in save_obj
    _emit_insert_statements(
    ~~~~~~~~~~~~~~~~~~~~~~~^
        base_mapper,
        ^^^^^^^^^^^^
    ...<3 lines>...
        insert,
        ^^^^^^^
    )
    ^
  File "C:\Users\wsadmin\AppData\Roaming\Python\Python313\site-packages\sqlalchemy\orm\persistence.py", line 1233, in _emit_insert_statements
    result = connection.execute(
        statement,
        params,
        execution_options=execution_options,
    )
  File "C:\Users\wsadmin\AppData\Roaming\Python\Python313\site-packages\sqlalchemy\engine\base.py", line 1419, in execute
    return meth(
        self,
        distilled_parameters,
        execution_options or NO_OPTIONS,
    )
  File "C:\Users\wsadmin\AppData\Roaming\Python\Python313\site-packages\sqlalchemy\sql\elements.py", line 527, in _execute_on_connection
    return connection._execute_clauseelement(
           ~~~~~~~~~~~~~~~~~~~~~~~~~~~~~~~~~^
        self, distilled_params, execution_options
        ^^^^^^^^^^^^^^^^^^^^^^^^^^^^^^^^^^^^^^^^^
    )
    ^
  File "C:\Users\wsadmin\AppData\Roaming\Python\Python313\site-packages\sqlalchemy\engine\base.py", line 1641, in _execute_clauseelement
    ret = self._execute_context(
        dialect,
    ...<8 lines>...
        cache_hit=cache_hit,
    )
  File "C:\Users\wsadmin\AppData\Roaming\Python\Python313\site-packages\sqlalchemy\engine\base.py", line 1846, in _execute_context
    return self._exec_single_context(
           ~~~~~~~~~~~~~~~~~~~~~~~~~^
        dialect, context, statement, parameters
        ^^^^^^^^^^^^^^^^^^^^^^^^^^^^^^^^^^^^^^^
    )
    ^
  File "C:\Users\wsadmin\AppData\Roaming\Python\Python313\site-packages\sqlalchemy\engine\base.py", line 1986, in _exec_single_context
    self._handle_dbapi_exception(
    ~~~~~~~~~~~~~~~~~~~~~~~~~~~~^
        e, str_statement, effective_parameters, cursor, context
        ^^^^^^^^^^^^^^^^^^^^^^^^^^^^^^^^^^^^^^^^^^^^^^^^^^^^^^^
    )
    ^
  File "C:\Users\wsadmin\AppData\Roaming\Python\Python313\site-packages\sqlalchemy\engine\base.py", line 2363, in _handle_dbapi_exception
    raise sqlalchemy_exception.with_traceback(exc_info[2]) from e
  File "C:\Users\wsadmin\AppData\Roaming\Python\Python313\site-packages\sqlalchemy\engine\base.py", line 1967, in _exec_single_context
    self.dialect.do_execute(
    ~~~~~~~~~~~~~~~~~~~~~~~^
        cursor, str_statement, effective_parameters, context
        ^^^^^^^^^^^^^^^^^^^^^^^^^^^^^^^^^^^^^^^^^^^^^^^^^^^^
    )
    ^
  File "C:\Users\wsadmin\AppData\Roaming\Python\Python313\site-packages\sqlalchemy\engine\default.py", line 952, in do_execute
    cursor.execute(statement, parameters)
    ~~~~~~~~~~~~~~^^^^^^^^^^^^^^^^^^^^^^^
sqlalchemy.exc.IntegrityError: (sqlite3.IntegrityError) UNIQUE constraint failed: users.student_id
[SQL: INSERT INTO users (username, email, password_hash, role, name, phone, department, student_id, address, city, is_active, is_locked, email_verified, failed_attempts, locked_until, created_at, updated_at, last_login) VALUES (?, ?, ?, ?, ?, ?, ?, ?, ?, ?, ?, ?, ?, ?, ?, ?, ?, ?)]
[parameters: ('alice', 'alice@gmail.com', 'scrypt:32768:8:1$70HBAwyNXQsdrH38$f25e2bf4376289b946c5d7068e44021c4724e071ed7aad037425b5756afb514978f1b33216e8b54121c4b876cdf939069b02fd590398e384a0c084519e212003', 'student', 'alice', '', '', '', '', '', 1, 0, 1, 0, None, '2026-05-21 18:03:08.162543', '2026-05-21 18:03:08.162550', None)]
(Background on this error at: https://sqlalche.me/e/20/gkpj)
2026-05-21 21:03:08,179 - __main__ - ERROR - Server error: 500 Internal Server Error: The server encountered an internal error and was unable to complete your request. Either the server is overloaded or there is an error in the application.
2026-05-21 21:03:08,183 - werkzeug - INFO - 127.0.0.1 - - [21/May/2026 21:03:08] "[35m[1mPOST /register HTTP/1.1[0m" 500 -
2026-05-21 21:03:12,903 - werkzeug - INFO - 127.0.0.1 - - [21/May/2026 21:03:12] "GET /login HTTP/1.1" 200 -
